<?xml version="1.0" encoding="UTF-8"?>
<testsuite xmlns:xsi="http://www.w3.org/2001/XMLSchema-instance" xsi:noNamespaceSchemaLocation="https://maven.apache.org/surefire/maven-surefire-plugin/xsd/surefire-test-report-3.0.xsd" version="3.0" name="com.assignment.CSVSorterTest" time="0.494" tests="6" errors="0" skipped="0" failures="0">
  <properties>
[...]
</properties>
  <testcase name="test_numbersAndString" classname="com.assignment.CSVSorterTest" time="0.064">
    <system-out><![CDATA[Skipping invalid number: For input string: "a"
Skipping invalid number: For input string: "g"
Skipping invalid number: For input string: "f"
]]></system-out>
  </testcase>
  <testcase name="test_emptyFile" classname="com.assignment.CSVSorterTest" time="0.004"/>
  <testcase name="test_sort50Values" classname="com.assignment.CSVSorterTest" time="0.044"/>
  <testcase name="test_10000Values" classname="com.assignment.CSVSorterTest" time="0.356"/>
  <testcase name="test_oneValue" classname="com.assignment.CSVSorterTest" time="0.006"/>
  <testcase name="test_invalidFormat" classname="com.assignment.CSVSorterTest" time="0.009">
    <system-out><![CDATA[Skipping invalid number: For input string: "a"
Skipping invalid number: For input string: "b"
Skipping invalid number: For input string: "c"
]]></system-out>
  </testcase>
</testsuite>